<?xml version="1.0" encoding="UTF-8"?>
<testng-results skipped="0" failed="0" ignored="0" total="2" passed="2">
  <reporter-output>
  </reporter-output>
  <suite name="Command line suite" duration-ms="26240" started-at="2018-07-20T11:30:53Z" finished-at="2018-07-20T11:31:19Z">
    <groups>
    </groups>
    <test name="Command line test" duration-ms="26240" started-at="2018-07-20T11:30:53Z" finished-at="2018-07-20T11:31:19Z">
      <class name="Day1.Test">
        <test-method status="PASS" signature="login()[pri:0, instance:Day1.Test@7ac7a4e4]" name="login" is-config="true" duration-ms="10" started-at="2018-07-20T17:00:53Z" finished-at="2018-07-20T17:00:53Z">
          <reporter-output>
          </reporter-output>
        </test-method> <!-- login -->
        <test-method status="PASS" signature="launchbrowser()[pri:0, instance:Day1.Test@7ac7a4e4]" name="launchbrowser" is-config="true" duration-ms="0" started-at="2018-07-20T17:00:53Z" finished-at="2018-07-20T17:00:53Z">
          <reporter-output>
          </reporter-output>
        </test-method> <!-- launchbrowser -->
        <test-method status="PASS" signature="closechcek()[pri:0, instance:Day1.Test@7ac7a4e4]" name="closechcek" is-config="true" duration-ms="0" started-at="2018-07-20T17:00:53Z" finished-at="2018-07-20T17:00:53Z">
          <reporter-output>
          </reporter-output>
        </test-method> <!-- closechcek -->
        <test-method status="PASS" signature="read()[pri:0, instance:Day1.Test@7ac7a4e4]" name="read" duration-ms="0" started-at="2018-07-20T17:01:19Z" finished-at="2018-07-20T17:01:19Z">
          <reporter-output>
          </reporter-output>
        </test-method> <!-- read -->
        <test-method status="PASS" signature="checkbrowser()[pri:0, instance:Day1.Test@7ac7a4e4]" name="checkbrowser" is-config="true" duration-ms="0" started-at="2018-07-20T17:01:19Z" finished-at="2018-07-20T17:01:19Z">
          <reporter-output>
          </reporter-output>
        </test-method> <!-- checkbrowser -->
      </class> <!-- Day1.Test -->
      <class name="com.parameters.ParameterTest">
        <test-method status="PASS" signature="yahooLoinTest()[pri:0, instance:com.parameters.ParameterTest@6d78f375]" name="yahooLoinTest" duration-ms="26217" started-at="2018-07-20T17:00:53Z" finished-at="2018-07-20T17:01:19Z">
          <reporter-output>
          </reporter-output>
        </test-method> <!-- yahooLoinTest -->
      </class> <!-- com.parameters.ParameterTest -->
    </test> <!-- Command line test -->
  </suite> <!-- Command line suite -->
</testng-results>
